<?xml version="1.0" encoding="UTF-8"?>
<testng-results ignored="0" total="3" passed="2" failed="1" skipped="0">
  <reporter-output>
  </reporter-output>
  <suite started-at="2020-04-21T12:17:53 MSK" name="TestSuite" finished-at="2020-04-21T12:18:14 MSK" duration-ms="20772">
    <groups>
    </groups>
    <test started-at="2020-04-21T12:17:53 MSK" name="FrameTest" finished-at="2020-04-21T12:18:06 MSK" duration-ms="12865">
      <class name="FrameTest">
        <test-method is-config="true" signature="setUp()[pri:0, instance:FrameTest@5dda768f]" started-at="2020-04-21T12:17:53 MSK" name="setUp" finished-at="2020-04-21T12:17:56 MSK" duration-ms="3219" status="PASS">
          <reporter-output>
          </reporter-output>
        </test-method> <!-- setUp -->
        <test-method signature="checkVideoDisplayed()[pri:0, instance:FrameTest@5dda768f]" started-at="2020-04-21T12:17:56 MSK" name="checkVideoDisplayed" finished-at="2020-04-21T12:17:56 MSK" duration-ms="69" status="PASS">
          <reporter-output>
          </reporter-output>
        </test-method> <!-- checkVideoDisplayed -->
        <test-method signature="checkVideoPlayed()[pri:0, instance:FrameTest@5dda768f]" started-at="2020-04-21T12:17:56 MSK" name="checkVideoPlayed" finished-at="2020-04-21T12:18:06 MSK" duration-ms="9483" status="PASS">
          <reporter-output>
          </reporter-output>
        </test-method> <!-- checkVideoPlayed -->
      </class> <!-- FrameTest -->
    </test> <!-- FrameTest -->
    <test started-at="2020-04-21T12:18:06 MSK" name="WorkPageTest" finished-at="2020-04-21T12:18:14 MSK" duration-ms="7885">
      <class name="WorkPageTest">
        <test-method is-config="true" signature="setUp()[pri:0, instance:WorkPageTest@ae13544]" started-at="2020-04-21T12:18:06 MSK" name="setUp" finished-at="2020-04-21T12:18:07 MSK" duration-ms="991" status="PASS">
          <reporter-output>
          </reporter-output>
        </test-method> <!-- setUp -->
        <test-method signature="checkLinkAvailability()[pri:0, instance:WorkPageTest@ae13544]" started-at="2020-04-21T12:18:07 MSK" name="checkLinkAvailability" finished-at="2020-04-21T12:18:14 MSK" duration-ms="6876" status="FAIL">
          <exception class="java.lang.AssertionError">
            <message>
              <![CDATA[check the link http://infopark.by/news/2010/11/25/art response code: 403 expected [true] but found [false]]]>
            </message>
            <full-stacktrace>
              <![CDATA[java.lang.AssertionError: check the link http://infopark.by/news/2010/11/25/art response code: 403 expected [true] but found [false]
at org.testng.Assert.fail(Assert.java:97)
at org.testng.Assert.failNotEquals(Assert.java:969)
at org.testng.Assert.assertTrue(Assert.java:43)
at WorkPageTest.lambda$checkLinkAvailability$0(WorkPageTest.java:29)
at java.base/java.util.ArrayList.forEach(ArrayList.java:1540)
at WorkPageTest.checkLinkAvailability(WorkPageTest.java:29)
at java.base/jdk.internal.reflect.NativeMethodAccessorImpl.invoke0(Native Method)
at java.base/jdk.internal.reflect.NativeMethodAccessorImpl.invoke(NativeMethodAccessorImpl.java:62)
at java.base/jdk.internal.reflect.DelegatingMethodAccessorImpl.invoke(DelegatingMethodAccessorImpl.java:43)
at java.base/java.lang.reflect.Method.invoke(Method.java:567)
at org.testng.internal.MethodInvocationHelper.invokeMethod(MethodInvocationHelper.java:134)
at org.testng.internal.TestInvoker.invokeMethod(TestInvoker.java:597)
at org.testng.internal.TestInvoker.invokeTestMethod(TestInvoker.java:173)
at org.testng.internal.MethodRunner.runInSequence(MethodRunner.java:46)
at org.testng.internal.TestInvoker$MethodInvocationAgent.invoke(TestInvoker.java:816)
at org.testng.internal.TestInvoker.invokeTestMethods(TestInvoker.java:146)
at org.testng.internal.TestMethodWorker.invokeTestMethods(TestMethodWorker.java:146)
at org.testng.internal.TestMethodWorker.run(TestMethodWorker.java:128)
at java.base/java.util.ArrayList.forEach(ArrayList.java:1540)
at org.testng.TestRunner.privateRun(TestRunner.java:766)
at org.testng.TestRunner.run(TestRunner.java:587)
at org.testng.SuiteRunner.runTest(SuiteRunner.java:384)
at org.testng.SuiteRunner.runSequentially(SuiteRunner.java:378)
at org.testng.SuiteRunner.privateRun(SuiteRunner.java:337)
at org.testng.SuiteRunner.run(SuiteRunner.java:286)
at org.testng.SuiteRunnerWorker.runSuite(SuiteRunnerWorker.java:53)
at org.testng.SuiteRunnerWorker.run(SuiteRunnerWorker.java:96)
at org.testng.TestNG.runSuitesSequentially(TestNG.java:1187)
at org.testng.TestNG.runSuitesLocally(TestNG.java:1109)
at org.testng.TestNG.runSuites(TestNG.java:1039)
at org.testng.TestNG.run(TestNG.java:1007)
at org.apache.maven.surefire.testng.TestNGExecutor.run(TestNGExecutor.java:283)
at org.apache.maven.surefire.testng.TestNGXmlTestSuite.execute(TestNGXmlTestSuite.java:75)
at org.apache.maven.surefire.testng.TestNGProvider.invoke(TestNGProvider.java:120)
at org.apache.maven.surefire.booter.ForkedBooter.invokeProviderInSameClassLoader(ForkedBooter.java:386)
at org.apache.maven.surefire.booter.ForkedBooter.runSuitesInProcess(ForkedBooter.java:323)
at org.apache.maven.surefire.booter.ForkedBooter.main(ForkedBooter.java:143)
]]>
            </full-stacktrace>
          </exception> <!-- java.lang.AssertionError -->
          <reporter-output>
          </reporter-output>
        </test-method> <!-- checkLinkAvailability -->
      </class> <!-- WorkPageTest -->
    </test> <!-- WorkPageTest -->
  </suite> <!-- TestSuite -->
</testng-results>
